<?xml version="1.0" encoding="UTF-8"?>
<testsuite xmlns:xsi="http://www.w3.org/2001/XMLSchema-instance" xsi:noNamespaceSchemaLocation="https://maven.apache.org/surefire/maven-surefire-plugin/xsd/surefire-test-report.xsd" name="FileCompressTest" time="0.639" tests="20" errors="0" skipped="0" failures="0">
  <properties>
[...]
</properties>
  <testcase name="testFileCompress10" classname="FileCompressTest" time="0.03"/>
  <testcase name="testFileCompress11" classname="FileCompressTest" time="0.006"/>
  <testcase name="testFileCompress12" classname="FileCompressTest" time="0.062"/>
  <testcase name="testFileCompress13" classname="FileCompressTest" time="0.004"/>
  <testcase name="testFileCompress14" classname="FileCompressTest" time="0"/>
  <testcase name="testFileCompress15" classname="FileCompressTest" time="0.001"/>
  <testcase name="testFileCompress16" classname="FileCompressTest" time="0"/>
  <testcase name="testFileCompress17" classname="FileCompressTest" time="0"/>
  <testcase name="testFileCompress18" classname="FileCompressTest" time="0.001"/>
  <testcase name="testFileCompress19" classname="FileCompressTest" time="0"/>
  <testcase name="testFileCompress20" classname="FileCompressTest" time="0.001"/>
  <testcase name="testFileCompress1" classname="FileCompressTest" time="0.029"/>
  <testcase name="testFileCompress2" classname="FileCompressTest" time="0.036"/>
  <testcase name="testFileCompress3" classname="FileCompressTest" time="0.096"/>
  <testcase name="testFileCompress4" classname="FileCompressTest" time="0.023"/>
  <testcase name="testFileCompress5" classname="FileCompressTest" time="0.182"/>
  <testcase name="testFileCompress6" classname="FileCompressTest" time="0"/>
  <testcase name="testFileCompress7" classname="FileCompressTest" time="0.035"/>
  <testcase name="testFileCompress8" classname="FileCompressTest" time="0.03"/>
  <testcase name="testFileCompress9" classname="FileCompressTest" time="0.058"/>
</testsuite>